2020-07-22 14:44:48.044 ERROR 3731 --- [main] o.s.boot.SpringApplication               : Application run failed

org.springframework.beans.BeanInstantiationException: Failed to instantiate [org.springframework.boot.web.servlet.context.AnnotationConfigServletWebServerApplicationContext]: Constructor threw exception; nested exception is java.lang.NoSuchMethodError: org.springframework.beans.factory.support.AbstractBeanFactory: method <init>(Ledu/columbia/cs/psl/phosphor/runtime/Taint;)V not found
	at java.lang.Throwable.fillInStackTrace$$PHOSPHORTAGGED(Throwable.java) ~[na:1.8.0_151]
	at java.lang.Throwable.fillInStackTrace$$PHOSPHORTAGGED(Throwable.java:783) ~[na:1.8.0_151]
	at java.lang.Throwable.<init>(Throwable.java:287) ~[na:1.8.0_151]
	at java.lang.Exception.<init>(Exception.java:84) ~[na:1.8.0_151]
	at java.lang.RuntimeException.<init>(RuntimeException.java:80) ~[na:1.8.0_151]
	at org.springframework.core.NestedRuntimeException.<init>(NestedRuntimeException.java:66) ~[spring-core-5.1.2.RELEASE.jar:5.1.2.RELEASE]
	at org.springframework.beans.BeansException.<init>(BeansException.java:50) ~[spring-beans-5.1.2.RELEASE.jar:5.1.2.RELEASE]
	at org.springframework.beans.FatalBeanException.<init>(FatalBeanException.java:45) ~[spring-beans-5.1.2.RELEASE.jar:5.1.2.RELEASE]
	at org.springframework.beans.BeanInstantiationException.<init>(BeanInstantiationException.java:73) ~[spring-beans-5.1.2.RELEASE.jar:5.1.2.RELEASE]
	at org.springframework.beans.BeanUtils.instantiateClass$$PHOSPHORTAGGED(BeanUtils.java:184) ~[spring-beans-5.1.2.RELEASE.jar:5.1.2.RELEASE]
	at org.springframework.beans.BeanUtils.instantiateClass$$PHOSPHORTAGGED(BeanUtils.java:122) ~[spring-beans-5.1.2.RELEASE.jar:5.1.2.RELEASE]
	at org.springframework.boot.SpringApplication.createApplicationContext$$PHOSPHORTAGGED(SpringApplication.java:607) ~[spring-boot-2.1.0.RELEASE.jar:2.1.0.RELEASE]
	at org.springframework.boot.SpringApplication.run$$PHOSPHORTAGGED(SpringApplication.java:310) ~[spring-boot-2.1.0.RELEASE.jar:2.1.0.RELEASE]
	at com.alipay.sofa.isle.sample.ApplicationRun.main$$PHOSPHORTAGGED(ApplicationRun.java:29) ~[classes/:na]
	at com.alipay.sofa.isle.sample.ApplicationRun.main(ApplicationRun.java) ~[classes/:na]
Caused by: java.lang.NoSuchMethodError: org.springframework.beans.factory.support.AbstractBeanFactory: method <init>(Ledu/columbia/cs/psl/phosphor/runtime/Taint;)V not found
	at java.lang.Throwable.fillInStackTrace$$PHOSPHORTAGGED(Throwable.java) ~[na:1.8.0_151]
	at java.lang.Throwable.fillInStackTrace$$PHOSPHORTAGGED(Throwable.java:783) ~[na:1.8.0_151]
	at java.lang.Throwable.<init>(Throwable.java:265) ~[na:1.8.0_151]
	at java.lang.Error.<init>(Error.java:70) ~[na:1.8.0_151]
	at java.lang.LinkageError.<init>(LinkageError.java:55) ~[na:1.8.0_151]
	at java.lang.IncompatibleClassChangeError.<init>(IncompatibleClassChangeError.java:55) ~[na:1.8.0_151]
	at java.lang.NoSuchMethodError.<init>(NoSuchMethodError.java:58) ~[na:1.8.0_151]
	at java.lang.NoSuchMethodError.<init>(NoSuchMethodError.java) ~[na:1.8.0_151]
	at org.springframework.beans.factory.support.AbstractAutowireCapableBeanFactory.<init>(AbstractAutowireCapableBeanFactory.java:172) ~[spring-beans-5.1.2.RELEASE.jar:5.1.2.RELEASE]
	at org.springframework.beans.factory.support.DefaultListableBeanFactory.<init>(DefaultListableBeanFactory.java:186) ~[spring-beans-5.1.2.RELEASE.jar:5.1.2.RELEASE]
	at org.springframework.context.support.GenericApplicationContext.<init>(GenericApplicationContext.java:112) ~[spring-context-5.1.2.RELEASE.jar:5.1.2.RELEASE]
	at org.springframework.web.context.support.GenericWebApplicationContext.<init>(GenericWebApplicationContext.java:82) ~[spring-web-5.1.2.RELEASE.jar:5.1.2.RELEASE]
	at org.springframework.boot.web.servlet.context.ServletWebServerApplicationContext.<init>(ServletWebServerApplicationContext.java:114) ~[spring-boot-2.1.0.RELEASE.jar:2.1.0.RELEASE]
	at org.springframework.boot.web.servlet.context.AnnotationConfigServletWebServerApplicationContext.<init>(AnnotationConfigServletWebServerApplicationContext.java:72) ~[spring-boot-2.1.0.RELEASE.jar:2.1.0.RELEASE]
	at sun.reflect.NativeConstructorAccessorImpl.newInstance0(Native Method) ~[na:1.8.0_151]
	at sun.reflect.NativeConstructorAccessorImpl.newInstance0$$PHOSPHORTAGGED(NativeConstructorAccessorImpl.java) ~[na:1.8.0_151]
	at sun.reflect.NativeConstructorAccessorImpl.newInstance$$PHOSPHORTAGGED(NativeConstructorAccessorImpl.java:62) ~[na:1.8.0_151]
	at sun.reflect.NativeConstructorAccessorImpl.newInstance(NativeConstructorAccessorImpl.java:0) ~[na:1.8.0_151]
	at sun.reflect.DelegatingConstructorAccessorImpl.newInstance$$PHOSPHORTAGGED(DelegatingConstructorAccessorImpl.java:45) ~[na:1.8.0_151]
	at sun.reflect.DelegatingConstructorAccessorImpl.newInstance(DelegatingConstructorAccessorImpl.java:0) ~[na:1.8.0_151]
	at java.lang.reflect.Constructor.newInstance$$PHOSPHORTAGGED(Constructor.java:423) ~[na:1.8.0_151]
	at org.springframework.beans.BeanUtils.instantiateClass$$PHOSPHORTAGGED(BeanUtils.java:172) ~[spring-beans-5.1.2.RELEASE.jar:5.1.2.RELEASE]
	... 5 common frames omitted

2020-07-22 14:45:50.948 ERROR 3747 --- [main] o.s.boot.SpringApplication               : Application run failed

org.springframework.beans.BeanInstantiationException: Failed to instantiate [org.springframework.boot.web.servlet.context.AnnotationConfigServletWebServerApplicationContext]: Constructor threw exception; nested exception is java.lang.NoSuchMethodError: org.springframework.beans.factory.support.AbstractBeanFactory: method <init>(Ledu/columbia/cs/psl/phosphor/runtime/Taint;)V not found
	at java.lang.Throwable.fillInStackTrace$$PHOSPHORTAGGED(Throwable.java) ~[na:1.8.0_151]
	at java.lang.Throwable.fillInStackTrace$$PHOSPHORTAGGED(Throwable.java:783) ~[na:1.8.0_151]
	at java.lang.Throwable.<init>(Throwable.java:287) ~[na:1.8.0_151]
	at java.lang.Exception.<init>(Exception.java:84) ~[na:1.8.0_151]
	at java.lang.RuntimeException.<init>(RuntimeException.java:80) ~[na:1.8.0_151]
	at org.springframework.core.NestedRuntimeException.<init>(NestedRuntimeException.java:66) ~[spring-core-5.1.2.RELEASE.jar:5.1.2.RELEASE]
	at org.springframework.beans.BeansException.<init>(BeansException.java:50) ~[spring-beans-5.1.2.RELEASE.jar:5.1.2.RELEASE]
	at org.springframework.beans.FatalBeanException.<init>(FatalBeanException.java:45) ~[spring-beans-5.1.2.RELEASE.jar:5.1.2.RELEASE]
	at org.springframework.beans.BeanInstantiationException.<init>(BeanInstantiationException.java:73) ~[spring-beans-5.1.2.RELEASE.jar:5.1.2.RELEASE]
	at org.springframework.beans.BeanUtils.instantiateClass$$PHOSPHORTAGGED(BeanUtils.java:184) ~[spring-beans-5.1.2.RELEASE.jar:5.1.2.RELEASE]
	at org.springframework.beans.BeanUtils.instantiateClass$$PHOSPHORTAGGED(BeanUtils.java:122) ~[spring-beans-5.1.2.RELEASE.jar:5.1.2.RELEASE]
	at org.springframework.boot.SpringApplication.createApplicationContext$$PHOSPHORTAGGED(SpringApplication.java:607) ~[spring-boot-2.1.0.RELEASE.jar:2.1.0.RELEASE]
	at org.springframework.boot.SpringApplication.run$$PHOSPHORTAGGED(SpringApplication.java:310) ~[spring-boot-2.1.0.RELEASE.jar:2.1.0.RELEASE]
	at com.alipay.sofa.isle.sample.ApplicationRun.main$$PHOSPHORTAGGED(ApplicationRun.java:29) ~[classes/:na]
	at com.alipay.sofa.isle.sample.ApplicationRun.main(ApplicationRun.java) ~[classes/:na]
Caused by: java.lang.NoSuchMethodError: org.springframework.beans.factory.support.AbstractBeanFactory: method <init>(Ledu/columbia/cs/psl/phosphor/runtime/Taint;)V not found
	at java.lang.Throwable.fillInStackTrace$$PHOSPHORTAGGED(Throwable.java) ~[na:1.8.0_151]
	at java.lang.Throwable.fillInStackTrace$$PHOSPHORTAGGED(Throwable.java:783) ~[na:1.8.0_151]
	at java.lang.Throwable.<init>(Throwable.java:265) ~[na:1.8.0_151]
	at java.lang.Error.<init>(Error.java:70) ~[na:1.8.0_151]
	at java.lang.LinkageError.<init>(LinkageError.java:55) ~[na:1.8.0_151]
	at java.lang.IncompatibleClassChangeError.<init>(IncompatibleClassChangeError.java:55) ~[na:1.8.0_151]
	at java.lang.NoSuchMethodError.<init>(NoSuchMethodError.java:58) ~[na:1.8.0_151]
	at java.lang.NoSuchMethodError.<init>(NoSuchMethodError.java) ~[na:1.8.0_151]
	at org.springframework.beans.factory.support.AbstractAutowireCapableBeanFactory.<init>(AbstractAutowireCapableBeanFactory.java:172) ~[spring-beans-5.1.2.RELEASE.jar:5.1.2.RELEASE]
	at org.springframework.beans.factory.support.DefaultListableBeanFactory.<init>(DefaultListableBeanFactory.java:186) ~[spring-beans-5.1.2.RELEASE.jar:5.1.2.RELEASE]
	at org.springframework.context.support.GenericApplicationContext.<init>(GenericApplicationContext.java:112) ~[spring-context-5.1.2.RELEASE.jar:5.1.2.RELEASE]
	at org.springframework.web.context.support.GenericWebApplicationContext.<init>(GenericWebApplicationContext.java:82) ~[spring-web-5.1.2.RELEASE.jar:5.1.2.RELEASE]
	at org.springframework.boot.web.servlet.context.ServletWebServerApplicationContext.<init>(ServletWebServerApplicationContext.java:114) ~[spring-boot-2.1.0.RELEASE.jar:2.1.0.RELEASE]
	at org.springframework.boot.web.servlet.context.AnnotationConfigServletWebServerApplicationContext.<init>(AnnotationConfigServletWebServerApplicationContext.java:72) ~[spring-boot-2.1.0.RELEASE.jar:2.1.0.RELEASE]
	at sun.reflect.NativeConstructorAccessorImpl.newInstance0(Native Method) ~[na:1.8.0_151]
	at sun.reflect.NativeConstructorAccessorImpl.newInstance0$$PHOSPHORTAGGED(NativeConstructorAccessorImpl.java) ~[na:1.8.0_151]
	at sun.reflect.NativeConstructorAccessorImpl.newInstance$$PHOSPHORTAGGED(NativeConstructorAccessorImpl.java:62) ~[na:1.8.0_151]
	at sun.reflect.NativeConstructorAccessorImpl.newInstance(NativeConstructorAccessorImpl.java:0) ~[na:1.8.0_151]
	at sun.reflect.DelegatingConstructorAccessorImpl.newInstance$$PHOSPHORTAGGED(DelegatingConstructorAccessorImpl.java:45) ~[na:1.8.0_151]
	at sun.reflect.DelegatingConstructorAccessorImpl.newInstance(DelegatingConstructorAccessorImpl.java:0) ~[na:1.8.0_151]
	at java.lang.reflect.Constructor.newInstance$$PHOSPHORTAGGED(Constructor.java:423) ~[na:1.8.0_151]
	at org.springframework.beans.BeanUtils.instantiateClass$$PHOSPHORTAGGED(BeanUtils.java:172) ~[spring-beans-5.1.2.RELEASE.jar:5.1.2.RELEASE]
	... 5 common frames omitted

