2020-07-28 09:59:46,317 INFO  main                             - SOFABoot Runtime Starting!
2020-07-28 09:59:58,535 INFO  main                             - Registering component: service:com.alipay.sofa.boot.examples.demo.rpc.bean.PersonService
2020-07-28 09:59:58,536 INFO  main                             -  <<PreOut Binding [bolt] Begins - com.alipay.sofa.boot.examples.demo.rpc.bean.PersonService.
2020-07-28 10:00:19,054 INFO  main                             -  <<PreOut Binding [bolt] Ends - com.alipay.sofa.boot.examples.demo.rpc.bean.PersonService.
2020-07-28 10:00:19,056 INFO  main                             -  <<PreOut Binding [rest] Begins - com.alipay.sofa.boot.examples.demo.rpc.bean.PersonService.
2020-07-28 10:00:19,068 INFO  main                             -  <<PreOut Binding [rest] Ends - com.alipay.sofa.boot.examples.demo.rpc.bean.PersonService.
2020-07-28 10:00:19,069 INFO  main                             -  <<Out Binding [bolt] Begins - com.alipay.sofa.boot.examples.demo.rpc.bean.PersonService.
2020-07-28 10:00:19,173 INFO  main                             -  <<Out Binding [bolt] Ends - com.alipay.sofa.boot.examples.demo.rpc.bean.PersonService.
2020-07-28 10:00:19,173 INFO  main                             -  <<Out Binding [rest] Begins - com.alipay.sofa.boot.examples.demo.rpc.bean.PersonService.
2020-07-28 10:00:25,961 ERROR main                             -  <<Out binding [rest] for [com.alipay.sofa.boot.examples.demo.rpc.bean.PersonService] occur exception.
java.lang.IncompatibleClassChangeError: Found class org.jboss.resteasy.spi.metadata.ResourceLocator, but interface was expected
	at com.alipay.sofa.rpc.server.rest.SofaResourceMethodRegistry.processMethod(SofaResourceMethodRegistry.java:67)
	at org.jboss.resteasy.core.ResourceMethodRegistry.register(ResourceMethodRegistry.java:251)
	at org.jboss.resteasy.core.ResourceMethodRegistry.addResourceFactory(ResourceMethodRegistry.java:221)
	at org.jboss.resteasy.core.ResourceMethodRegistry.addResourceFactory(ResourceMethodRegistry.java:193)
	at org.jboss.resteasy.core.ResourceMethodRegistry.addResourceFactory(ResourceMethodRegistry.java:179)
	at com.alipay.sofa.rpc.server.rest.SofaResourceMethodRegistry.addResourceFactory(SofaResourceMethodRegistry.java:51)
	at com.alipay.sofa.rpc.server.rest.RestServer.registerProcessor(RestServer.java:213)
	at com.alipay.sofa.rpc.bootstrap.DefaultProviderBootstrap.doExport(DefaultProviderBootstrap.java:177)
	at com.alipay.sofa.rpc.bootstrap.DefaultProviderBootstrap.export(DefaultProviderBootstrap.java:106)
	at com.alipay.sofa.rpc.config.ProviderConfig.export(ProviderConfig.java:524)
	at com.alipay.sofa.rpc.boot.runtime.adapter.RpcBindingAdapter.outBinding(RpcBindingAdapter.java:90)
	at com.alipay.sofa.rpc.boot.runtime.adapter.RpcBindingAdapter.outBinding(RpcBindingAdapter.java:42)
	at com.alipay.sofa.runtime.service.component.ServiceComponent.activateBinding(ServiceComponent.java:157)
	at com.alipay.sofa.runtime.service.component.ServiceComponent.activate(ServiceComponent.java:126)
	at com.alipay.sofa.runtime.component.impl.ComponentManagerImpl.doRegister(ComponentManagerImpl.java:160)
	at com.alipay.sofa.runtime.component.impl.ComponentManagerImpl.register(ComponentManagerImpl.java:116)
	at com.alipay.sofa.runtime.spring.factory.ServiceFactoryBean.doAfterPropertiesSet(ServiceFactoryBean.java:73)
	at com.alipay.sofa.runtime.spring.factory.AbstractContractFactoryBean.afterPropertiesSet(AbstractContractFactoryBean.java:99)
	at org.springframework.beans.factory.support.AbstractAutowireCapableBeanFactory.invokeInitMethods(AbstractAutowireCapableBeanFactory.java:1804)
	at org.springframework.beans.factory.support.AbstractAutowireCapableBeanFactory.initializeBean(AbstractAutowireCapableBeanFactory.java:1741)
	at org.springframework.beans.factory.support.AbstractAutowireCapableBeanFactory.doCreateBean(AbstractAutowireCapableBeanFactory.java:576)
	at org.springframework.beans.factory.support.AbstractAutowireCapableBeanFactory.createBean(AbstractAutowireCapableBeanFactory.java:498)
	at org.springframework.beans.factory.support.AbstractBeanFactory.lambda$doGetBean$0(AbstractBeanFactory.java:320)
	at org.springframework.beans.factory.support.DefaultSingletonBeanRegistry.getSingleton(DefaultSingletonBeanRegistry.java:222)
	at org.springframework.beans.factory.support.AbstractBeanFactory.doGetBean(AbstractBeanFactory.java:318)
	at org.springframework.beans.factory.support.AbstractBeanFactory.getBean(AbstractBeanFactory.java:199)
	at org.springframework.beans.factory.support.DefaultListableBeanFactory.preInstantiateSingletons(DefaultListableBeanFactory.java:827)
	at org.springframework.context.support.AbstractApplicationContext.finishBeanFactoryInitialization(AbstractApplicationContext.java:863)
	at org.springframework.context.support.AbstractApplicationContext.refresh(AbstractApplicationContext.java:546)
	at org.springframework.boot.SpringApplication.refresh(SpringApplication.java:775)
	at org.springframework.boot.SpringApplication.refreshContext(SpringApplication.java:397)
	at org.springframework.boot.SpringApplication.run(SpringApplication.java:316)
	at org.springframework.boot.SpringApplication.run(SpringApplication.java:1260)
	at org.springframework.boot.SpringApplication.run(SpringApplication.java:1248)
	at com.alipay.sofa.boot.examples.demo.rpc.SofaBootRpcDemoApplication.main(SofaBootRpcDemoApplication.java:31)
2020-07-28 10:00:25,963 ERROR main                             - Failed to create the component service:com.alipay.sofa.boot.examples.demo.rpc.bean.PersonService
com.alipay.sofa.runtime.api.ServiceRuntimeException:  <<Out Binding [com.alipay.sofa.boot.examples.demo.rpc.bean.PersonService] occur exception.
	at com.alipay.sofa.runtime.service.component.ServiceComponent.activateBinding(ServiceComponent.java:176)
	at com.alipay.sofa.runtime.service.component.ServiceComponent.activate(ServiceComponent.java:126)
	at com.alipay.sofa.runtime.component.impl.ComponentManagerImpl.doRegister(ComponentManagerImpl.java:160)
	at com.alipay.sofa.runtime.component.impl.ComponentManagerImpl.register(ComponentManagerImpl.java:116)
	at com.alipay.sofa.runtime.spring.factory.ServiceFactoryBean.doAfterPropertiesSet(ServiceFactoryBean.java:73)
	at com.alipay.sofa.runtime.spring.factory.AbstractContractFactoryBean.afterPropertiesSet(AbstractContractFactoryBean.java:99)
	at org.springframework.beans.factory.support.AbstractAutowireCapableBeanFactory.invokeInitMethods(AbstractAutowireCapableBeanFactory.java:1804)
	at org.springframework.beans.factory.support.AbstractAutowireCapableBeanFactory.initializeBean(AbstractAutowireCapableBeanFactory.java:1741)
	at org.springframework.beans.factory.support.AbstractAutowireCapableBeanFactory.doCreateBean(AbstractAutowireCapableBeanFactory.java:576)
	at org.springframework.beans.factory.support.AbstractAutowireCapableBeanFactory.createBean(AbstractAutowireCapableBeanFactory.java:498)
	at org.springframework.beans.factory.support.AbstractBeanFactory.lambda$doGetBean$0(AbstractBeanFactory.java:320)
	at org.springframework.beans.factory.support.DefaultSingletonBeanRegistry.getSingleton(DefaultSingletonBeanRegistry.java:222)
	at org.springframework.beans.factory.support.AbstractBeanFactory.doGetBean(AbstractBeanFactory.java:318)
	at org.springframework.beans.factory.support.AbstractBeanFactory.getBean(AbstractBeanFactory.java:199)
	at org.springframework.beans.factory.support.DefaultListableBeanFactory.preInstantiateSingletons(DefaultListableBeanFactory.java:827)
	at org.springframework.context.support.AbstractApplicationContext.finishBeanFactoryInitialization(AbstractApplicationContext.java:863)
	at org.springframework.context.support.AbstractApplicationContext.refresh(AbstractApplicationContext.java:546)
	at org.springframework.boot.SpringApplication.refresh(SpringApplication.java:775)
	at org.springframework.boot.SpringApplication.refreshContext(SpringApplication.java:397)
	at org.springframework.boot.SpringApplication.run(SpringApplication.java:316)
	at org.springframework.boot.SpringApplication.run(SpringApplication.java:1260)
	at org.springframework.boot.SpringApplication.run(SpringApplication.java:1248)
	at com.alipay.sofa.boot.examples.demo.rpc.SofaBootRpcDemoApplication.main(SofaBootRpcDemoApplication.java:31)
2020-07-28 10:00:25,978 INFO  main                             - Registering component: reference:com.alipay.sofa.boot.examples.demo.rpc.bean.PersonService:#-624408668
2020-07-28 10:00:25,978 INFO  main                             -  >>In Binding [bolt] Begins - com.alipay.sofa.boot.examples.demo.rpc.bean.PersonService.
2020-07-28 10:00:26,329 INFO  main                             -  >>In Binding [bolt] Ends - com.alipay.sofa.boot.examples.demo.rpc.bean.PersonService.
2020-07-28 10:00:26,330 INFO  main                             -  >>In Binding [jvm] Begins - com.alipay.sofa.boot.examples.demo.rpc.bean.PersonService.
2020-07-28 10:00:26,346 INFO  main                             -  >>In Binding [jvm] Ends - com.alipay.sofa.boot.examples.demo.rpc.bean.PersonService.
2020-07-28 10:00:26,351 INFO  main                             - Registering component: reference:com.alipay.sofa.boot.examples.demo.rpc.bean.PersonService:#1081222981
2020-07-28 10:00:26,351 INFO  main                             -  >>In Binding [rest] Begins - com.alipay.sofa.boot.examples.demo.rpc.bean.PersonService.
2020-07-28 10:00:29,866 INFO  main                             -  >>In Binding [rest] Ends - com.alipay.sofa.boot.examples.demo.rpc.bean.PersonService.
2020-07-28 10:00:29,867 INFO  main                             -  >>In Binding [jvm] Begins - com.alipay.sofa.boot.examples.demo.rpc.bean.PersonService.
2020-07-28 10:00:29,867 INFO  main                             -  >>In Binding [jvm] Ends - com.alipay.sofa.boot.examples.demo.rpc.bean.PersonService.
2020-07-28 10:04:31,977 INFO  main                             - SOFABoot Runtime Starting!
2020-07-28 10:04:43,680 INFO  main                             - Registering component: service:com.alipay.sofa.boot.examples.demo.rpc.bean.PersonService
2020-07-28 10:04:43,680 INFO  main                             -  <<PreOut Binding [bolt] Begins - com.alipay.sofa.boot.examples.demo.rpc.bean.PersonService.
2020-07-28 10:05:04,110 INFO  main                             -  <<PreOut Binding [bolt] Ends - com.alipay.sofa.boot.examples.demo.rpc.bean.PersonService.
2020-07-28 10:05:04,111 INFO  main                             -  <<PreOut Binding [rest] Begins - com.alipay.sofa.boot.examples.demo.rpc.bean.PersonService.
2020-07-28 10:05:04,123 INFO  main                             -  <<PreOut Binding [rest] Ends - com.alipay.sofa.boot.examples.demo.rpc.bean.PersonService.
2020-07-28 10:05:04,124 INFO  main                             -  <<Out Binding [bolt] Begins - com.alipay.sofa.boot.examples.demo.rpc.bean.PersonService.
2020-07-28 10:05:04,218 INFO  main                             -  <<Out Binding [bolt] Ends - com.alipay.sofa.boot.examples.demo.rpc.bean.PersonService.
2020-07-28 10:05:04,219 INFO  main                             -  <<Out Binding [rest] Begins - com.alipay.sofa.boot.examples.demo.rpc.bean.PersonService.
2020-07-28 10:05:10,652 ERROR main                             -  <<Out binding [rest] for [com.alipay.sofa.boot.examples.demo.rpc.bean.PersonService] occur exception.
java.lang.IncompatibleClassChangeError: Found class org.jboss.resteasy.spi.metadata.ResourceLocator, but interface was expected
	at com.alipay.sofa.rpc.server.rest.SofaResourceMethodRegistry.processMethod(SofaResourceMethodRegistry.java:67)
	at org.jboss.resteasy.core.ResourceMethodRegistry.register(ResourceMethodRegistry.java:251)
	at org.jboss.resteasy.core.ResourceMethodRegistry.addResourceFactory(ResourceMethodRegistry.java:221)
	at org.jboss.resteasy.core.ResourceMethodRegistry.addResourceFactory(ResourceMethodRegistry.java:193)
	at org.jboss.resteasy.core.ResourceMethodRegistry.addResourceFactory(ResourceMethodRegistry.java:179)
	at com.alipay.sofa.rpc.server.rest.SofaResourceMethodRegistry.addResourceFactory(SofaResourceMethodRegistry.java:51)
	at com.alipay.sofa.rpc.server.rest.RestServer.registerProcessor(RestServer.java:213)
	at com.alipay.sofa.rpc.bootstrap.DefaultProviderBootstrap.doExport(DefaultProviderBootstrap.java:177)
	at com.alipay.sofa.rpc.bootstrap.DefaultProviderBootstrap.export(DefaultProviderBootstrap.java:106)
	at com.alipay.sofa.rpc.config.ProviderConfig.export(ProviderConfig.java:524)
	at com.alipay.sofa.rpc.boot.runtime.adapter.RpcBindingAdapter.outBinding(RpcBindingAdapter.java:90)
	at com.alipay.sofa.rpc.boot.runtime.adapter.RpcBindingAdapter.outBinding(RpcBindingAdapter.java:42)
	at com.alipay.sofa.runtime.service.component.ServiceComponent.activateBinding(ServiceComponent.java:157)
	at com.alipay.sofa.runtime.service.component.ServiceComponent.activate(ServiceComponent.java:126)
	at com.alipay.sofa.runtime.component.impl.ComponentManagerImpl.doRegister(ComponentManagerImpl.java:160)
	at com.alipay.sofa.runtime.component.impl.ComponentManagerImpl.register(ComponentManagerImpl.java:116)
	at com.alipay.sofa.runtime.spring.factory.ServiceFactoryBean.doAfterPropertiesSet(ServiceFactoryBean.java:73)
	at com.alipay.sofa.runtime.spring.factory.AbstractContractFactoryBean.afterPropertiesSet(AbstractContractFactoryBean.java:99)
	at org.springframework.beans.factory.support.AbstractAutowireCapableBeanFactory.invokeInitMethods(AbstractAutowireCapableBeanFactory.java:1804)
	at org.springframework.beans.factory.support.AbstractAutowireCapableBeanFactory.initializeBean(AbstractAutowireCapableBeanFactory.java:1741)
	at org.springframework.beans.factory.support.AbstractAutowireCapableBeanFactory.doCreateBean(AbstractAutowireCapableBeanFactory.java:576)
	at org.springframework.beans.factory.support.AbstractAutowireCapableBeanFactory.createBean(AbstractAutowireCapableBeanFactory.java:498)
	at org.springframework.beans.factory.support.AbstractBeanFactory.lambda$doGetBean$0(AbstractBeanFactory.java:320)
	at org.springframework.beans.factory.support.DefaultSingletonBeanRegistry.getSingleton(DefaultSingletonBeanRegistry.java:222)
	at org.springframework.beans.factory.support.AbstractBeanFactory.doGetBean(AbstractBeanFactory.java:318)
	at org.springframework.beans.factory.support.AbstractBeanFactory.getBean(AbstractBeanFactory.java:199)
	at org.springframework.beans.factory.support.DefaultListableBeanFactory.preInstantiateSingletons(DefaultListableBeanFactory.java:827)
	at org.springframework.context.support.AbstractApplicationContext.finishBeanFactoryInitialization(AbstractApplicationContext.java:863)
	at org.springframework.context.support.AbstractApplicationContext.refresh(AbstractApplicationContext.java:546)
	at org.springframework.boot.SpringApplication.refresh(SpringApplication.java:775)
	at org.springframework.boot.SpringApplication.refreshContext(SpringApplication.java:397)
	at org.springframework.boot.SpringApplication.run(SpringApplication.java:316)
	at org.springframework.boot.SpringApplication.run(SpringApplication.java:1260)
	at org.springframework.boot.SpringApplication.run(SpringApplication.java:1248)
	at com.alipay.sofa.boot.examples.demo.rpc.SofaBootRpcDemoApplication.main(SofaBootRpcDemoApplication.java:31)
2020-07-28 10:05:10,653 ERROR main                             - Failed to create the component service:com.alipay.sofa.boot.examples.demo.rpc.bean.PersonService
com.alipay.sofa.runtime.api.ServiceRuntimeException:  <<Out Binding [com.alipay.sofa.boot.examples.demo.rpc.bean.PersonService] occur exception.
	at com.alipay.sofa.runtime.service.component.ServiceComponent.activateBinding(ServiceComponent.java:176)
	at com.alipay.sofa.runtime.service.component.ServiceComponent.activate(ServiceComponent.java:126)
	at com.alipay.sofa.runtime.component.impl.ComponentManagerImpl.doRegister(ComponentManagerImpl.java:160)
	at com.alipay.sofa.runtime.component.impl.ComponentManagerImpl.register(ComponentManagerImpl.java:116)
	at com.alipay.sofa.runtime.spring.factory.ServiceFactoryBean.doAfterPropertiesSet(ServiceFactoryBean.java:73)
	at com.alipay.sofa.runtime.spring.factory.AbstractContractFactoryBean.afterPropertiesSet(AbstractContractFactoryBean.java:99)
	at org.springframework.beans.factory.support.AbstractAutowireCapableBeanFactory.invokeInitMethods(AbstractAutowireCapableBeanFactory.java:1804)
	at org.springframework.beans.factory.support.AbstractAutowireCapableBeanFactory.initializeBean(AbstractAutowireCapableBeanFactory.java:1741)
	at org.springframework.beans.factory.support.AbstractAutowireCapableBeanFactory.doCreateBean(AbstractAutowireCapableBeanFactory.java:576)
	at org.springframework.beans.factory.support.AbstractAutowireCapableBeanFactory.createBean(AbstractAutowireCapableBeanFactory.java:498)
	at org.springframework.beans.factory.support.AbstractBeanFactory.lambda$doGetBean$0(AbstractBeanFactory.java:320)
	at org.springframework.beans.factory.support.DefaultSingletonBeanRegistry.getSingleton(DefaultSingletonBeanRegistry.java:222)
	at org.springframework.beans.factory.support.AbstractBeanFactory.doGetBean(AbstractBeanFactory.java:318)
	at org.springframework.beans.factory.support.AbstractBeanFactory.getBean(AbstractBeanFactory.java:199)
	at org.springframework.beans.factory.support.DefaultListableBeanFactory.preInstantiateSingletons(DefaultListableBeanFactory.java:827)
	at org.springframework.context.support.AbstractApplicationContext.finishBeanFactoryInitialization(AbstractApplicationContext.java:863)
	at org.springframework.context.support.AbstractApplicationContext.refresh(AbstractApplicationContext.java:546)
	at org.springframework.boot.SpringApplication.refresh(SpringApplication.java:775)
	at org.springframework.boot.SpringApplication.refreshContext(SpringApplication.java:397)
	at org.springframework.boot.SpringApplication.run(SpringApplication.java:316)
	at org.springframework.boot.SpringApplication.run(SpringApplication.java:1260)
	at org.springframework.boot.SpringApplication.run(SpringApplication.java:1248)
	at com.alipay.sofa.boot.examples.demo.rpc.SofaBootRpcDemoApplication.main(SofaBootRpcDemoApplication.java:31)
2020-07-28 10:05:10,667 INFO  main                             - Registering component: reference:com.alipay.sofa.boot.examples.demo.rpc.bean.PersonService:#1010854560
2020-07-28 10:05:10,667 INFO  main                             -  >>In Binding [bolt] Begins - com.alipay.sofa.boot.examples.demo.rpc.bean.PersonService.
2020-07-28 10:05:10,879 INFO  main                             -  >>In Binding [bolt] Ends - com.alipay.sofa.boot.examples.demo.rpc.bean.PersonService.
2020-07-28 10:05:10,879 INFO  main                             -  >>In Binding [jvm] Begins - com.alipay.sofa.boot.examples.demo.rpc.bean.PersonService.
2020-07-28 10:05:10,900 INFO  main                             -  >>In Binding [jvm] Ends - com.alipay.sofa.boot.examples.demo.rpc.bean.PersonService.
2020-07-28 10:05:10,911 INFO  main                             - Registering component: reference:com.alipay.sofa.boot.examples.demo.rpc.bean.PersonService:#-1471149077
2020-07-28 10:05:10,911 INFO  main                             -  >>In Binding [rest] Begins - com.alipay.sofa.boot.examples.demo.rpc.bean.PersonService.
2020-07-28 10:05:14,434 INFO  main                             -  >>In Binding [rest] Ends - com.alipay.sofa.boot.examples.demo.rpc.bean.PersonService.
2020-07-28 10:05:14,434 INFO  main                             -  >>In Binding [jvm] Begins - com.alipay.sofa.boot.examples.demo.rpc.bean.PersonService.
2020-07-28 10:05:14,434 INFO  main                             -  >>In Binding [jvm] Ends - com.alipay.sofa.boot.examples.demo.rpc.bean.PersonService.
